  2Dgame.cpp
C:\Users\Dell\Desktop\humus\humus\SDLgame\Game.h(4,10): fatal error C1083: Cannot open include file: 'SDL.h': No such file or directory
  Background.cpp
C:\Users\Dell\Desktop\humus\humus\SDLgame\GameObject.h(2,10): fatal error C1083: Cannot open include file: 'SDL.h': No such file or directory
  Background2.cpp
C:\Users\Dell\Desktop\humus\humus\SDLgame\GameObject.h(2,10): fatal error C1083: Cannot open include file: 'SDL.h': No such file or directory
  BoxCollider.cpp
  Cop.cpp
C:\Users\Dell\Desktop\humus\humus\SDLgame\GameObject.h(2,10): fatal error C1083: Cannot open include file: 'SDL.h': No such file or directory
  Credits.cpp
C:\Users\Dell\Desktop\humus\humus\SDLgame\GameObject.h(2,10): fatal error C1083: Cannot open include file: 'SDL.h': No such file or directory
  Game.cpp
C:\Users\Dell\Desktop\humus\humus\SDLgame\Game.h(4,10): fatal error C1083: Cannot open include file: 'SDL.h': No such file or directory
  GameObject.cpp
C:\Users\Dell\Desktop\humus\humus\SDLgame\GameObject.h(2,10): fatal error C1083: Cannot open include file: 'SDL.h': No such file or directory
  GameState.cpp
  Input.cpp
C:\Users\Dell\Desktop\humus\humus\SDLgame\Input.cpp(2,10): fatal error C1083: Cannot open include file: 'SDL.h': No such file or directory
  MenuState.cpp
  Music.cpp
C:\Users\Dell\Desktop\humus\humus\SDLgame\Music.h(3,10): fatal error C1083: Cannot open include file: 'SDL_mixer.h': No such file or directory
  Player.cpp
C:\Users\Dell\Desktop\humus\humus\SDLgame\GameObject.h(2,10): fatal error C1083: Cannot open include file: 'SDL.h': No such file or directory
  PlayState.cpp
  Score.cpp
C:\Users\Dell\Desktop\humus\humus\SDLgame\GameObject.h(2,10): fatal error C1083: Cannot open include file: 'SDL.h': No such file or directory
  Screen.cpp
C:\Users\Dell\Desktop\humus\humus\SDLgame\Screen.cpp(2,10): fatal error C1083: Cannot open include file: 'SDL.h': No such file or directory
  Sound.cpp
C:\Users\Dell\Desktop\humus\humus\SDLgame\Sound.h(2,10): fatal error C1083: Cannot open include file: 'SDL_mixer.h': No such file or directory
  Sprite.cpp
C:\Users\Dell\Desktop\humus\humus\SDLgame\Sprite.cpp(2,10): fatal error C1083: Cannot open include file: 'SDL_image.h': No such file or directory
  Text.cpp
C:\Users\Dell\Desktop\humus\humus\SDLgame\Screen.h(2,10): fatal error C1083: Cannot open include file: 'SDL.h': No such file or directory
  Vector2D.cpp
  Generating Code...
